[ERR!] cwd  : C:\sandbox\angular2-webpack-form-example
[ERR!] os   : Windows_NT 6.1.7601
[ERR!] argv : "C:\\Program Files (x86)\\nodejs\\node.exe" "C:\\sandbox\\angular2-webpack-form-example\\node_modules\\tsd\\build\\cli.js" "install" "immutable"
[ERR!] node : v4.1.0
[ERR!] tsd  : 0.6.5
[ERR!] Error: Unexpected end of input
[ERR!] CODE : undefined
[ERR!] Unexpected end of input
[ERR!] If you need help, you may report this error at:
    https://github.com/DefinitelyTyped/tsd/issues

[ERR!] 
SyntaxError: Unexpected end of input
    at Object.parse (native)
    at JSONStabilizer.parseString (C:\sandbox\angular2-webpack-form-example\node_modules\tsd\build\xm\lib\JSONStabilizer.js:30:27)
    at Config.parseJSONString (C:\sandbox\angular2-webpack-form-example\node_modules\tsd\build\tsd\context\Config.js:125:37)
    at C:\sandbox\angular2-webpack-form-example\node_modules\tsd\build\tsd\logic\ConfigIO.js:44:43
    at tryCatch1 (C:\sandbox\angular2-webpack-form-example\node_modules\tsd\node_modules\bluebird\js\main\util.js:63:19)
    at Promise$_callHandler [as _callHandler] (C:\sandbox\angular2-webpack-form-example\node_modules\tsd\node_modules\bluebird\js\main\promise.js:695:13)
    at Promise$_settlePromiseFromHandler [as _settlePromiseFromHandler] (C:\sandbox\angular2-webpack-form-example\node_modules\tsd\node_modules\bluebird\js\main\promise.js:711:18)
    at Promise$_settlePromiseAt [as _settlePromiseAt] (C:\sandbox\angular2-webpack-form-example\node_modules\tsd\node_modules\bluebird\js\main\promise.js:868:14)
    at Promise$_settlePromises [as _settlePromises] (C:\sandbox\angular2-webpack-form-example\node_modules\tsd\node_modules\bluebird\js\main\promise.js:1006:14)
    at Async$_consumeFunctionBuffer [as _consumeFunctionBuffer] (C:\sandbox\angular2-webpack-form-example\node_modules\tsd\node_modules\bluebird\js\main\async.js:74:12)

[ERR!] tsd.json could not be retrieved

[ERR!] .tsdrc could not be retrieved

[ERR!] Please include the following file with any support request:
    C:\sandbox\angular2-webpack-form-example\tsd-debug.log

